<?xml version="1.0" encoding="UTF-8"?>
<!-- Generated by org.testng.reporters.JUnitReportReporter -->
<testsuite hostname="Mahathir" failures="0" tests="3" name="org.tem.OperationPro" time="29.643" errors="0" timestamp="2024-01-12T16:15:44 IST" skipped="0">
  <testcase classname="org.tem.OperationPro" name="tc9" time="10.359"/>
  <system-out/>
  <testcase classname="org.tem.OperationPro" name="tc7" time="8.789"/>
  <system-out/>
  <testcase classname="org.tem.OperationPro" name="tc8" time="10.495"/>
  <system-out/>
</testsuite> <!-- org.tem.OperationPro -->
