<?xml version="1.0" encoding="UTF-8"?>
<!-- Generated by org.testng.reporters.JUnitReportReporter -->
<testsuite hostname="Mahathir" failures="0" tests="3" name="org.tem.GenerationOne" time="34.518" errors="0" timestamp="2024-01-12T16:15:44 IST" skipped="0">
  <testcase classname="org.tem.GenerationOne" name="tc6" time="11.080"/>
  <system-out/>
  <testcase classname="org.tem.GenerationOne" name="tc4" time="8.246"/>
  <system-out/>
  <testcase classname="org.tem.GenerationOne" name="tc5" time="15.192"/>
  <system-out/>
</testsuite> <!-- org.tem.GenerationOne -->
