<?xml version="1.0" encoding="UTF-8"?>
<!-- Generated by org.testng.reporters.JUnitReportReporter -->
<testsuite hostname="Mahathir" failures="0" tests="3" name="org.tem.CrossSample" time="92.928" errors="0" timestamp="2024-01-13T15:13:25 IST" skipped="0">
  <testcase classname="org.tem.CrossSample" name="tc1" time="34.080"/>
  <system-out/>
  <testcase classname="org.tem.CrossSample" name="tc1" time="28.265"/>
  <system-out/>
  <testcase classname="org.tem.CrossSample" name="tc1" time="30.583"/>
  <system-out/>
</testsuite> <!-- org.tem.CrossSample -->
