<?xml version="1.0" encoding="UTF-8"?>
<!-- Generated by org.testng.reporters.JUnitReportReporter -->
<testsuite hostname="Mahathir" failures="0" tests="7" name="org.par.B" time="0.033" errors="0" timestamp="2024-01-09T15:41:20 IST" skipped="0">
  <testcase classname="org.par.B" name="tc33" time="0.001"/>
  <system-out/>
  <testcase classname="org.par.B" name="tc33" time="0.005"/>
  <system-out/>
  <testcase classname="org.par.B" name="tc11" time="0.012"/>
  <system-out/>
  <testcase classname="org.par.B" name="tc33" time="0.003"/>
  <system-out/>
  <testcase classname="org.par.B" name="tc22" time="0.001"/>
  <system-out/>
  <testcase classname="org.par.B" name="tc33" time="0.005"/>
  <system-out/>
  <testcase classname="org.par.B" name="tc33" time="0.006"/>
  <system-out/>
</testsuite> <!-- org.par.B -->
