<?xml version="1.0" encoding="UTF-8"?>
<!-- Generated by org.testng.reporters.JUnitReportReporter -->
<testsuite hostname="Mahathir" failures="0" tests="3" name="org.par.A" time="12.300" errors="0" timestamp="2024-01-16T15:38:13 IST" skipped="0">
  <testcase classname="org.par.A" name="tc3" time="2.723"/>
  <system-out/>
  <testcase classname="org.par.A" name="tc1" time="6.572"/>
  <system-out/>
  <testcase classname="org.par.A" name="tc2" time="3.005"/>
  <system-out/>
</testsuite> <!-- org.par.A -->
